x: 0.0
y: 0.0
theta: 0.30000001192092896
---
x: 0.0
y: 0.0
theta: 0.30000001192092896
---
x: 0.0
y: 0.0
theta: 0.30000001192092896
---
x: 0.0
y: 0.0
theta: 0.30000001192092896
---
x: 0.0
y: 0.0
theta: 0.30000001192092896
---
x: 0.0
y: 0.0
theta: 0.30000001192092896
---
x: 0.0
y: 0.0
theta: 0.30000001192092896
---
x: 0.0
y: 0.0
theta: 0.30000001192092896
---
x: 0.0
y: 0.0
theta: 0.30000001192092896
---
x: 0.0
y: 0.0
theta: 0.30000001192092896
---
x: 0.0
y: 0.0
theta: 0.30000001192092896
---
x: 0.0
y: 0.0
theta: 0.30000001192092896
---
x: 0.0
y: 0.0
theta: 0.30000001192092896
---
x: 0.0
y: 0.0
theta: 0.30000001192092896
---
x: 0.0
y: 0.0
theta: 0.30000001192092896
---
x: 0.0
y: 0.0
theta: 0.30000001192092896
---
x: 0.0
y: 0.0
theta: 0.30000001192092896
---
x: 0.0
y: 0.0
theta: 0.30000001192092896
---
x: 0.0
y: 0.0
theta: 0.30000001192092896
---
x: 0.0
y: 0.0
theta: 0.30000001192092896
---
x: 0.0
y: 0.0
theta: 0.30000001192092896
---
x: 0.0
y: 0.0
theta: 0.30000001192092896
---
x: 0.0
y: 0.0
theta: 0.30000001192092896
---
x: 0.0
y: 0.0
theta: 0.30000001192092896
---
x: 0.0
y: 0.0
theta: 0.30000001192092896
---
x: 0.0
y: 0.0
theta: 0.30000001192092896
---
x: 0.0
y: 0.0
theta: 0.30000001192092896
---
x: 0.0
y: 0.0
theta: 0.30000001192092896
---
x: 0.0
y: 0.0
theta: 0.30000001192092896
---
x: 0.0
y: 0.0
theta: 0.30000001192092896
---
x: 0.0
y: 0.0
theta: 0.30000001192092896
---
x: 0.0
y: 0.0
theta: 0.30000001192092896
---
x: 0.0
y: 0.0
theta: 0.30000001192092896
---
x: 0.0
y: 0.0
theta: 0.30000001192092896
---
x: 0.0
y: 0.0
theta: 0.30000001192092896
---
x: 0.0
y: 0.0
theta: 0.30000001192092896
---
x: 0.0
y: 0.0
theta: 0.30000001192092896
---
x: 0.0
y: 0.0
theta: 0.30000001192092896
---
x: 0.0
y: 0.0
theta: 0.30000001192092896
---
x: 0.0
y: 0.0
theta: 0.30000001192092896
---
x: 0.0
y: 0.0
theta: 0.30000001192092896
---
x: 0.0
y: 0.0
theta: 0.30000001192092896
---
x: 0.0
y: 0.0
theta: 0.30000001192092896
---
x: 0.0
y: 0.0
theta: 0.30000001192092896
---
x: 0.0
y: 0.0
theta: 0.30000001192092896
---
x: 0.0
y: 0.0
theta: 0.30000001192092896
---
x: 0.0
y: 0.0
theta: 0.30000001192092896
---
x: 0.0
y: 0.0
theta: 0.30000001192092896
---
x: 0.0
y: 0.0
theta: 0.30000001192092896
---
x: 0.0
y: 0.0
theta: 0.30000001192092896
---
x: 0.0
y: 0.0
theta: 0.30000001192092896
---
x: 0.0
y: 0.0
theta: 0.30000001192092896
---
x: 0.0
y: 0.0
theta: 0.30000001192092896
---
x: 0.0
y: 0.0
theta: 0.30000001192092896
---
x: 0.0
y: 0.0
theta: 0.30000001192092896
---
x: 0.0
y: 0.0
theta: 0.30000001192092896
---
x: 0.0
y: 0.0
theta: 0.30000001192092896
---
x: 0.0
y: 0.0
theta: 0.30000001192092896
---
x: 0.0
y: 0.0
theta: 0.30000001192092896
---
x: 0.0
y: 0.0
theta: 0.30000001192092896
---
x: -0.10000000149011612
y: 0.0
theta: 0.0
---
x: -0.10000000149011612
y: 0.0
theta: 0.0
---
x: -0.10000000149011612
y: 0.0
theta: 0.0
---
x: -0.10000000149011612
y: 0.0
theta: 0.0
---
x: -0.10000000149011612
y: 0.0
theta: 0.0
---
x: 0.0
y: 0.0
theta: -0.024786127731204033
---
x: 0.0
y: 0.0
theta: -0.1881818324327469
---
x: 0.0
y: 0.0
theta: -0.206305593252182
---
x: 0.0
y: 0.0
theta: -0.17000001668930054
---
x: 0.0
y: 0.0
theta: -0.17000000178813934
---
x: 0.0
y: 0.0
theta: -0.30000001192092896
---
x: 0.0
y: 0.0
theta: -0.18823736906051636
---
x: 0.0
y: 0.0
theta: -0.15189282596111298
---
x: 0.0
y: 0.0
theta: -0.30000001192092896
---
x: 0.0
y: 0.0
theta: -0.30000001192092896
---
x: 0.0
y: 0.0
theta: -0.24268178641796112
---
x: 0.0
y: 0.0
theta: -0.30000001192092896
---
x: 0.0
y: 0.0
theta: -0.30000001192092896
---
x: 0.0
y: 0.0
theta: -0.30000001192092896
---
x: 0.0
y: 0.0
theta: -0.30000001192092896
---
x: 0.0
y: 0.0
theta: -0.30000001192092896
---
x: 0.0
y: 0.0
theta: -0.30000001192092896
---
x: 0.0
y: 0.0
theta: -0.30000001192092896
---
x: 0.0
y: 0.0
theta: -0.30000001192092896
---
x: 0.0
y: 0.0
theta: -0.30000001192092896
---
x: 0.0
y: 0.0
theta: -0.30000001192092896
---
x: 0.0
y: 0.0
theta: -0.30000001192092896
---
x: 0.0
y: 0.0
theta: -0.30000001192092896
---
x: 0.0
y: 0.0
theta: -0.30000001192092896
---
x: 0.0
y: 0.0
theta: -0.30000001192092896
---
x: 0.0
y: 0.0
theta: -0.30000001192092896
---
x: 0.0
y: 0.0
theta: -0.30000001192092896
---
x: 0.0
y: 0.0
theta: -0.30000001192092896
---
x: 0.0
y: 0.0
theta: -0.30000001192092896
---
x: 0.0
y: 0.0
theta: -0.30000001192092896
---
x: 0.0
y: 0.0
theta: -0.30000001192092896
---
x: 0.0
y: 0.0
theta: -0.30000001192092896
---
x: 0.0
y: 0.0
theta: -0.30000001192092896
---
x: 0.0
y: 0.0
theta: -0.30000001192092896
---
x: 0.0
y: 0.0
theta: -0.30000001192092896
---
x: 0.0
y: 0.0
theta: -0.30000001192092896
---
x: 0.0
y: 0.0
theta: -0.30000001192092896
---
x: 0.0
y: 0.0
theta: -0.30000001192092896
---
x: 0.0
y: 0.0
theta: -0.30000001192092896
---
x: 0.0
y: 0.0
theta: -0.30000001192092896
---
x: 0.0
y: 0.0
theta: -0.30000001192092896
---
x: 0.0
y: 0.0
theta: -0.30000001192092896
---
x: 0.0
y: 0.0
theta: -0.30000001192092896
---
x: 0.0
y: 0.0
theta: -0.30000001192092896
---
x: 0.0
y: 0.0
theta: -0.30000001192092896
---
x: 0.0
y: 0.0
theta: -0.30000001192092896
---
x: 0.0
y: 0.0
theta: -0.30000001192092896
---
x: 0.0
y: 0.0
theta: -0.30000001192092896
---
x: 0.0
y: 0.0
theta: -0.30000001192092896
---
x: 0.0
y: 0.0
theta: -0.30000001192092896
---
x: 0.0
y: 0.0
theta: -0.30000001192092896
---
x: 0.0
y: 0.0
theta: -0.30000001192092896
---
x: 0.0
y: 0.0
theta: -0.30000001192092896
---
x: 0.0
y: 0.0
theta: -0.30000001192092896
---
x: 0.0
y: 0.0
theta: -0.30000001192092896
---
x: 0.0
y: 0.0
theta: -0.30000001192092896
---
x: 0.0
y: 0.0
theta: -0.30000001192092896
---
x: 0.0
y: 0.0
theta: -0.30000001192092896
---
x: 0.0
y: 0.0
theta: -0.30000001192092896
---
x: 0.0
y: 0.0
theta: -0.30000001192092896
---
x: 0.0
y: 0.0
theta: -0.30000001192092896
---
x: 0.0
y: 0.0
theta: -0.30000001192092896
---
x: 0.0
y: 0.0
theta: -0.30000001192092896
---
x: 0.0
y: 0.0
theta: -0.30000001192092896
---
x: 0.0
y: 0.0
theta: -0.30000001192092896
---
x: 0.0
y: 0.0
theta: -0.30000001192092896
---
x: 0.0
y: 0.0
theta: -0.30000001192092896
---
x: 0.0
y: 0.0
theta: -0.2688116729259491
---
x: 0.0
y: 0.0
theta: -0.2545226216316223
---
x: 0.0
y: 0.0
theta: -0.30000001192092896
---
x: 0.0
y: 0.0
theta: -0.30000001192092896
---
x: 0.0
y: 0.0
theta: -0.30000001192092896
---
x: 0.0
y: 0.0
theta: -0.30000001192092896
---
x: 0.0
y: 0.0
theta: -0.2629566192626953
---
x: 0.1163114681839943
y: 0.0
theta: -0.30000001192092896
---
x: 0.12210526317358017
y: 0.0
theta: -0.23406580090522766
---
x: 0.12210526317358017
y: 0.0
theta: -0.2336454838514328
---
x: 0.12455214560031891
y: 0.0
theta: -0.2687450647354126
---
x: 0.15032577514648438
y: 0.0
theta: -0.30000001192092896
---
x: 0.1587757021188736
y: 0.0
theta: 0.0
---
x: 0.157678484916687
y: 0.0
theta: 0.0
---
x: 0.15065714716911316
y: 0.0
theta: -0.30000001192092896
---
x: 0.14193043112754822
y: 0.0
theta: -0.29732179641723633
---
x: 0.12450169026851654
y: 0.0
theta: 0.0
---
x: 0.1229153573513031
y: 0.0
theta: -0.30000001192092896
---
x: 0.11655186861753464
y: 0.0
theta: -0.2867392301559448
---
x: 0.11037807166576385
y: 0.0
theta: -0.30000001192092896
---
x: 0.10024477541446686
y: 0.0
theta: -0.30000001192092896
---
x: 0.08672727644443512
y: 0.0
theta: -0.30000001192092896
---
x: 0.08964773267507553
y: 0.0
theta: -0.30000001192092896
---
x: 0.0827924981713295
y: 0.0
theta: -0.30000001192092896
---
x: 0.0786692276597023
y: 0.0
theta: -0.30000001192092896
---
x: 0.07288645952939987
y: 0.0
theta: -0.30000001192092896
---
x: 0.06985374540090561
y: 0.0
theta: -0.30000001192092896
---
x: 0.06282653659582138
y: 0.0
theta: -0.2602505385875702
---
x: 0.06282653659582138
y: 0.0
theta: -0.2600855231285095
---
x: 0.05545114725828171
y: 0.0
theta: -0.25456252694129944
---
x: 0.05545114725828171
y: 0.0
theta: -0.24303637444972992
---
x: 0.05249592661857605
y: 0.0
theta: -0.22622370719909668
---
x: 0.046579938381910324
y: 0.0
theta: -0.20043626427650452
---
x: 0.04904741421341896
y: 0.0
theta: -0.1542014628648758
---
x: 0.04215686395764351
y: 0.0
theta: -0.15231962502002716
---
x: 0.04215686395764351
y: 0.0
theta: -0.1543029546737671
---
x: 0.03999999910593033
y: 0.0
theta: -0.14810144901275635
---
x: 0.03999999910593033
y: 0.0
theta: -0.10090551525354385
---
x: 0.03999999910593033
y: 0.0
theta: 0.0
---
x: 0.03999999910593033
y: 0.0
theta: 0.0
---
x: 0.03999999910593033
y: 0.0
theta: 0.0
---
x: 0.03999999910593033
y: 0.0
theta: -0.15180107951164246
---
x: 0.03999999910593033
y: 0.0
theta: -0.1881706267595291
---
x: 0.0354415662586689
y: 8.788302659386293e-13
theta: 0.008176608942449093
---
x: 0.02985193580389023
y: 8.879815827957105e-13
theta: -0.09868703037500381
---
x: 0.03553816303610802
y: 8.9159186760987e-13
theta: -0.15393736958503723
---
x: 0.031442832201719284
y: 7.996453976408247e-13
theta: -0.008018694818019867
---
x: 0.010136809200048447
y: 8.059720425779293e-13
theta: -0.1547555774450302
---
x: 0.024459445849061012
y: 7.731201746505323e-13
theta: -0.08068280667066574
---
x: 0.015466361306607723
y: 7.134742558041751e-13
theta: -0.026380538940429688
---
x: 0.0006653638556599617
y: 6.881176401254963e-13
theta: -0.09665355831384659
---
x: 0.004846704658120871
y: 6.610212052206299e-13
theta: -0.13846705853939056
---
x: 0.0
y: 6.097056453463479e-13
theta: -0.026343077421188354
---
x: 0.0
y: 6.097056453463479e-13
theta: -0.026343077421188354
---
x: 0.0
y: 6.097056453463479e-13
theta: -0.026343077421188354
---
x: 0.0
y: 6.097056453463479e-13
theta: -0.026343077421188354
---
x: 0.0
y: 6.097056453463479e-13
theta: -0.026343077421188354
---
x: 0.0
y: 6.097056453463479e-13
theta: -0.026343077421188354
---
x: 0.0
y: 6.097056453463479e-13
theta: -0.026343077421188354
---
x: 0.0
y: 6.097056453463479e-13
theta: -0.026343077421188354
---
x: 0.0
y: 6.097056453463479e-13
theta: -0.026343077421188354
---
x: 0.0
y: 6.097056453463479e-13
theta: -0.026343077421188354
---
x: 0.0
y: 6.097056453463479e-13
theta: -0.026343077421188354
---
x: 0.0
y: 6.097056453463479e-13
theta: -0.026343077421188354
---
x: 0.0
y: 6.097056453463479e-13
theta: -0.026343077421188354
---
x: 0.0
y: 0.0
theta: 0.0
---
x: 0.0
y: 0.0
theta: 0.010000018402934074
---
x: 0.0
y: 0.0
theta: 0.009999999776482582
---
x: 0.0
y: 0.0
theta: 0.009999999776482582
---
x: 0.0
y: 0.0
theta: 0.009999999776482582
---
x: 0.0
y: 0.0
theta: 0.009999999776482582
---
x: 0.0
y: 0.0
theta: 0.009999999776482582
---
x: 0.0
y: 0.0
theta: 0.009999999776482582
---
x: 0.0
y: 0.0
theta: 0.009999999776482582
---
x: 0.0
y: 0.0
theta: 0.009999999776482582
---
x: 0.0
y: 0.0
theta: 0.009999999776482582
---
x: 0.0
y: 0.0
theta: 0.009999999776482582
---
x: 0.0
y: 0.0
theta: 0.009999999776482582
---
x: 0.0
y: 0.0
theta: 0.009999999776482582
---
x: 0.0
y: 0.0
theta: 0.009999999776482582
---
x: 0.0
y: 0.0
theta: 0.009999999776482582
---
x: 0.0
y: 0.0
theta: 0.009999999776482582
---
x: 0.0
y: 0.0
theta: 0.009999999776482582
---
x: 0.0
y: 0.0
theta: 0.009999999776482582
---
x: 0.0
y: 0.0
theta: 0.009999999776482582
---
x: 0.0
y: 0.0
theta: 0.009999999776482582
---
x: 0.0
y: 0.0
theta: 0.009999999776482582
---
x: 0.0
y: 0.0
theta: 0.009999999776482582
---
x: 0.0
y: 0.0
theta: 0.009999999776482582
---
x: 0.0
y: 0.0
theta: 0.009999999776482582
---
x: 0.0
y: 0.0
theta: 0.009999999776482582
---
x: 0.0
y: 0.0
theta: 0.009999999776482582
---
x: 0.0
y: 0.0
theta: 0.009999999776482582
---
x: 0.0
y: 0.0
theta: 0.009999999776482582
---
x: 0.0
y: 0.0
theta: 0.009999999776482582
---
x: 0.0
y: 0.0
theta: 0.009999999776482582
---
x: 0.0
y: 0.0
theta: 0.009999999776482582
---
x: 0.0
y: 0.0
theta: 0.009999999776482582
---
x: 0.0
y: 0.0
theta: 0.009999999776482582
---
x: 0.0
y: 0.0
theta: 0.009999999776482582
---
x: 0.0
y: 0.0
theta: 0.0
---
x: 0.0
y: 0.0
theta: 0.009999999776482582
---
x: 0.0
y: 0.0
theta: 0.009999999776482582
---
x: 0.0
y: 0.0
theta: 0.009999999776482582
---
x: 0.0
y: 0.0
theta: 0.009999999776482582
---
x: 0.0
y: 0.0
theta: 0.009999999776482582
---
x: 0.0
y: 0.0
theta: 0.009999999776482582
---
x: 0.0
y: 0.0
theta: 0.009999999776482582
---
x: 0.0
y: 0.0
theta: 0.009999999776482582
---
x: 0.0
y: 0.0
theta: 0.009999999776482582
---
x: 0.0
y: 0.0
theta: 0.009999999776482582
---
x: 0.0
y: 0.0
theta: 0.009999999776482582
---
x: 0.0
y: 0.0
theta: 0.009999999776482582
---
x: 0.0
y: 0.0
theta: 0.009999999776482582
---
x: 0.0
y: 0.0
theta: 0.009999999776482582
---
x: 0.0
y: 0.0
theta: 0.009999999776482582
---
x: 0.0
y: 0.0
theta: 0.009999999776482582
---
x: 0.0
y: 0.0
theta: 0.009999999776482582
---
x: 0.0
y: 0.0
theta: 0.009999999776482582
---
x: 0.0
y: 0.0
theta: 0.009999999776482582
---
x: 0.0
y: 0.0
theta: 0.009999999776482582
---
x: 0.0
y: 0.0
theta: 0.009999999776482582
---
x: 0.0
y: 0.0
theta: 0.009999999776482582
---
x: 0.0
y: 0.0
theta: 0.009999999776482582
---
x: 0.0
y: 0.0
theta: 0.009999999776482582
---
x: 0.0
y: 0.0
theta: 0.009999999776482582
---
x: 0.0
y: 0.0
theta: 0.009999999776482582
---
x: 0.0
y: 0.0
theta: 0.009999999776482582
---
x: 0.0
y: 0.0
theta: 0.009999999776482582
---
x: 0.0
y: 0.0
theta: 0.009999999776482582
---
x: 0.0
y: 0.0
theta: 0.009999999776482582
---
x: 0.0
y: 0.0
theta: 0.009999999776482582
---
x: 0.0
y: 0.0
theta: 0.009999999776482582
---
x: 0.0
y: 0.0
theta: 0.009999999776482582
---
x: 0.0
y: 0.0
theta: 0.009999999776482582
---
x: 0.0
y: 0.0
theta: 0.009999999776482582
---
x: 0.0
y: 0.0
theta: 0.009999999776482582
---
x: 0.0
y: 0.0
theta: 0.009999999776482582
---
x: 0.0
y: 0.0
theta: 0.009999999776482582
---
x: 0.0
y: 0.0
theta: 0.009999999776482582
---
x: 0.0
y: 0.0
theta: 0.009999999776482582
---
x: 0.0
y: 0.0
theta: 0.009999999776482582
---
x: 0.0
y: 0.0
theta: 0.009999999776482582
---
x: 0.0
y: 0.0
theta: 0.009999999776482582
---
x: 0.0
y: 0.0
theta: 0.009999999776482582
---
x: 0.0
y: 0.0
theta: 0.009999999776482582
---
x: 0.0
y: 0.0
theta: 0.009999999776482582
---
x: 0.0
y: 0.0
theta: 0.009999999776482582
---
x: 0.0
y: 0.0
theta: 0.009999999776482582
---
x: 0.0
y: 0.0
theta: 0.009999999776482582
---
x: 0.0
y: 0.0
theta: 0.009999999776482582
---
x: 0.0
y: 0.0
theta: 0.009999999776482582
---
x: 0.0
y: 0.0
theta: 0.009999999776482582
---
x: 0.0
y: 0.0
theta: 0.009999999776482582
---
x: 0.0
y: 0.0
theta: 0.009999999776482582
---
x: 0.0
y: 0.0
theta: 0.009999999776482582
---
x: 0.0
y: 0.0
theta: 0.009999999776482582
---
x: 0.0
y: 0.0
theta: 0.009999999776482582
---
x: 0.0
y: 0.0
theta: 0.009999999776482582
---
x: 0.0
y: 0.0
theta: 0.009999999776482582
---
x: 0.0
y: 0.0
theta: 0.009999999776482582
---
x: 0.0
y: 0.0
theta: 0.009999999776482582
---
x: 0.0
y: 0.0
theta: 0.009999999776482582
---
x: 0.0
y: 0.0
theta: 0.009999999776482582
---
x: 0.0
y: 0.0
theta: 0.009999999776482582
---
x: 0.0
y: 0.0
theta: 0.009999999776482582
---
x: 0.0
y: 0.0
theta: 0.009999999776482582
---
x: 0.0
y: 0.0
theta: 0.009999999776482582
---
x: 0.0
y: 0.0
theta: 0.009999999776482582
---
x: 0.0
y: 0.0
theta: 0.009999999776482582
---
x: 0.0
y: 0.0
theta: 0.009999999776482582
---
x: 0.0
y: 0.0
theta: 0.009999999776482582
---
x: 0.0
y: 0.0
theta: 0.009999999776482582
---
x: 0.0
y: 0.0
theta: 0.009999999776482582
---
x: 0.0
y: 0.0
theta: 0.009999999776482582
---
x: 0.0
y: 0.0
theta: 0.009999999776482582
---
x: 0.0
y: 0.0
theta: 0.009999999776482582
---
x: 0.0
y: 0.0
theta: 0.009999999776482582
---
x: 0.0
y: 0.0
theta: 0.009999999776482582
---
x: 0.0
y: 0.0
theta: 0.009999999776482582
---
x: 0.0
y: 0.0
theta: 0.009999999776482582
---
x: 0.0
y: 0.0
theta: 0.009999999776482582
---
x: 0.0
y: 0.0
theta: 0.009999999776482582
---
x: 0.0
y: 0.0
theta: 0.009999999776482582
---
x: 0.0
y: 0.0
theta: 0.009999999776482582
---
x: 0.0
y: 0.0
theta: 0.009999999776482582
---
x: 0.0
y: 0.0
theta: 0.009999999776482582
---
x: 0.0
y: 0.0
theta: 0.009999999776482582
---
x: 0.0
y: 0.0
theta: 0.009999999776482582
---
x: 0.0
y: 0.0
theta: 0.009999999776482582
---
x: 0.0
y: 0.0
theta: 0.009999999776482582
---
x: 0.0
y: 0.0
theta: 0.009999999776482582
---
x: 0.0
y: 0.0
theta: 0.009999999776482582
---
x: 0.0
y: 0.0
theta: 0.009999999776482582
---
x: 0.0
y: 0.0
theta: 0.009999999776482582
---
x: 0.0
y: 0.0
theta: 0.009999999776482582
---
x: 0.0
y: 0.0
theta: 0.009999999776482582
---
x: 0.0
y: 0.0
theta: 0.009999999776482582
---
x: 0.0
y: 0.0
theta: 0.009999999776482582
---
x: 0.0
y: 0.0
theta: 0.009999999776482582
---
x: 0.0
y: 0.0
theta: 0.009999999776482582
---
x: 0.0
y: 0.0
theta: 0.0
---
x: 0.0
y: 0.0
theta: 0.009999999776482582
---
x: 0.0
y: 0.0
theta: 0.0
---
x: 0.0
y: 0.0
theta: 0.009999999776482582
---
x: 0.0
y: 0.0
theta: 0.30000001192092896
---
x: 0.0
y: 0.0
theta: 0.30000001192092896
---
x: 0.0
y: 0.0
theta: 0.30000001192092896
---
x: 0.0
y: 0.0
theta: 0.30000001192092896
---
x: 0.0
y: 0.0
theta: 0.30000001192092896
---
x: 0.0
y: 0.0
theta: 0.30000001192092896
---
x: 0.0
y: 0.0
theta: 0.30000001192092896
---
x: 0.0
y: 0.0
theta: 0.30000001192092896
---
x: 0.0
y: 0.0
theta: 0.30000001192092896
---
x: 0.0
y: 0.0
theta: 0.30000001192092896
---
x: 0.0
y: 0.0
theta: 0.30000001192092896
---
x: 0.0
y: 0.0
theta: 0.30000001192092896
---
x: 0.0
y: 0.0
theta: 0.30000001192092896
---
x: 0.0
y: 0.0
theta: 0.30000001192092896
---
x: 0.0
y: 0.0
theta: 0.30000001192092896
---
x: 0.0
y: 0.0
theta: 0.30000001192092896
---
x: 0.0
y: 0.0
theta: 0.30000001192092896
---
x: 0.0
y: 0.0
theta: 0.30000001192092896
---
x: 0.0
y: 0.0
theta: 0.30000001192092896
---
x: 0.0
y: 0.0
theta: 0.30000001192092896
---
x: 0.0
y: 0.0
theta: 0.30000001192092896
---
x: 0.0
y: 0.0
theta: 0.30000001192092896
---
x: 0.0
y: 0.0
theta: 0.30000001192092896
---
x: 0.0
y: 0.0
theta: 0.30000001192092896
---
x: 0.0
y: 0.0
theta: 0.30000001192092896
---
x: 0.0
y: 0.0
theta: 0.30000001192092896
---
x: 0.0
y: 0.0
theta: 0.30000001192092896
---
x: 0.0
y: 0.0
theta: 0.30000001192092896
---
x: 0.0
y: 0.0
theta: 0.30000001192092896
---
x: 0.0
y: 0.0
theta: 0.30000001192092896
---
x: 0.0
y: 0.0
theta: 0.30000001192092896
---
x: 0.0
y: 0.0
theta: 0.30000001192092896
---
x: 0.0
y: 0.0
theta: 0.30000001192092896
---
x: 0.0
y: 0.0
theta: 0.30000001192092896
---
x: 0.0
y: 0.0
theta: 0.30000001192092896
---
x: 0.0
y: 0.0
theta: 0.30000001192092896
---
x: 0.0
y: 0.0
theta: 0.30000001192092896
---
x: 0.0
y: 0.0
theta: 0.30000001192092896
---
x: 0.0
y: 0.0
theta: 0.30000001192092896
---
x: 0.0
y: 0.0
theta: 0.30000001192092896
---
x: 0.0
y: 0.0
theta: 0.30000001192092896
---
x: 0.0
y: 0.0
theta: 0.30000001192092896
---
x: 0.0
y: 0.0
theta: 0.30000001192092896
---
x: 0.0
y: 0.0
theta: 0.30000001192092896
---
x: 0.0
y: 0.0
theta: 0.30000001192092896
---
x: 0.0
y: 0.0
theta: 0.30000001192092896
---
x: 0.0
y: 0.0
theta: 0.30000001192092896
---
x: 0.0
y: 0.0
theta: 0.30000001192092896
---
x: 0.0
y: 0.0
theta: 0.30000001192092896
---
x: 0.0
y: 0.0
theta: 0.30000001192092896
---
x: 0.0
y: 0.0
theta: 0.30000001192092896
---
x: 0.0
y: 0.0
theta: 0.30000001192092896
---
x: 0.0
y: 0.0
theta: 0.30000001192092896
---
x: 0.0
y: 0.0
theta: 0.30000001192092896
---
x: 0.0
y: 0.0
theta: 0.30000001192092896
---
x: 0.0
y: 0.0
theta: 0.30000001192092896
---
x: 0.0
y: 0.0
theta: 0.30000001192092896
---
x: 0.0
y: 0.0
theta: 0.30000001192092896
---
x: 0.0
y: 0.0
theta: 0.30000001192092896
---
x: 0.0
y: 0.0
theta: 0.30000001192092896
---
x: 0.0
y: 0.0
theta: 0.30000001192092896
---
x: 0.0
y: 0.0
theta: 0.30000001192092896
---
x: 0.0
y: 0.0
theta: 0.30000001192092896
---
x: 0.0
y: 0.0
theta: 0.30000001192092896
---
x: 0.0
y: 0.0
theta: 0.30000001192092896
---
x: 0.0
y: 0.0
theta: 0.30000001192092896
---
x: 0.0
y: 0.0
theta: 0.30000001192092896
---
x: 0.0
y: 0.0
theta: 0.30000001192092896
---
x: 0.0
y: 0.0
theta: 0.30000001192092896
---
x: 0.0
y: 0.0
theta: 0.30000001192092896
---
x: 0.0
y: 0.0
theta: 0.30000001192092896
---
x: 0.0
y: 0.0
theta: 0.30000001192092896
---
x: 0.0
y: 0.0
theta: 0.30000001192092896
---
x: 0.0
y: 0.0
theta: 0.30000001192092896
---
x: 0.0
y: 0.0
theta: 0.30000001192092896
---
x: 0.0
y: 0.0
theta: 0.30000001192092896
---
x: 0.0
y: 0.0
theta: 0.30000001192092896
---
x: 0.0
y: 0.0
theta: 0.30000001192092896
---
x: 0.0
y: 0.0
theta: 0.30000001192092896
---
x: 0.0
y: 0.0
theta: 0.30000001192092896
---
x: 0.0
y: 0.0
theta: 0.30000001192092896
---
x: 0.0
y: 0.0
theta: 0.30000001192092896
---
x: 0.0
y: 0.0
theta: 0.30000001192092896
---
x: 0.0
y: 0.0
theta: 0.30000001192092896
---
x: 0.0
y: 0.0
theta: 0.30000001192092896
---
x: 0.0
y: 0.0
theta: 0.30000001192092896
---
x: 0.0
y: 0.0
theta: 0.30000001192092896
---
x: 0.0
y: 0.0
theta: 0.30000001192092896
---
x: 0.0
y: 0.0
theta: 0.30000001192092896
---
x: 0.0
y: 0.0
theta: 0.30000001192092896
---
x: 0.0
y: 0.0
theta: 0.30000001192092896
---
x: 0.0
y: 0.0
theta: 0.30000001192092896
---
x: 0.0
y: 0.0
theta: 0.30000001192092896
---
x: 0.0
y: 0.0
theta: 0.30000001192092896
---
x: 0.0
y: 0.0
theta: 0.30000001192092896
---
x: 0.0
y: 0.0
theta: 0.30000001192092896
---
x: 0.0
y: 0.0
theta: 0.30000001192092896
---
x: 0.0
y: 0.0
theta: 0.30000001192092896
---
x: 0.0
y: 0.0
theta: 0.30000001192092896
---
x: 0.0
y: 0.0
theta: 0.30000001192092896
---
x: 0.0
y: 0.0
theta: 0.30000001192092896
---
