x: 0.0
y: 0.0
theta: -0.17000000178813934
---
x: 0.0
y: 0.0
theta: -0.21305085718631744
---
x: 0.0
y: 0.0
theta: -0.17000000178813934
---
x: 0.0
y: 0.0
theta: -0.17000000178813934
---
x: 0.0
y: 0.0
theta: -0.17000000178813934
---
x: 0.0
y: 0.0
theta: -0.17000000178813934
---
x: 0.0
y: 0.0
theta: -0.17000000178813934
---
x: 0.0
y: 0.0
theta: -0.17000000178813934
---
x: 0.0
y: 0.0
theta: -0.17000000178813934
---
x: 0.0
y: 0.0
theta: -0.17000000178813934
---
x: 0.0
y: 0.0
theta: -0.17000000178813934
---
x: 0.0
y: 0.0
theta: -0.17000000178813934
---
x: 0.0
y: 0.0
theta: -0.17000000178813934
---
x: 0.0
y: 0.0
theta: -0.17000000178813934
---
x: 0.0
y: 0.0
theta: -0.17000000178813934
---
x: 0.0
y: 0.0
theta: -0.2375432848930359
---
x: 0.0
y: 0.0
theta: -0.17000000178813934
---
x: 0.0
y: 0.0
theta: -0.17000000178813934
---
x: 0.0
y: 0.0
theta: -0.17000000178813934
---
x: 0.0
y: 0.0
theta: -0.17000000178813934
---
x: 0.0
y: 0.0
theta: -0.17000000178813934
---
x: 0.0
y: 0.0
theta: -0.17000000178813934
---
x: 0.0
y: 0.0
theta: -0.17000000178813934
---
x: 0.0
y: 0.0
theta: -0.17000000178813934
---
x: 0.0
y: 0.0
theta: -0.17000000178813934
---
x: 0.0
y: 0.0
theta: -0.17000000178813934
---
x: 0.0
y: 0.0
theta: -0.17000000178813934
---
x: 0.0
y: 0.0
theta: -0.17000000178813934
---
x: 0.0
y: 0.0
theta: -0.17000000178813934
---
x: 0.0
y: 0.0
theta: -0.17000000178813934
---
x: 0.0
y: 0.0
theta: -0.17000000178813934
---
x: 0.0
y: 0.0
theta: -0.17000000178813934
---
x: 0.0
y: 0.0
theta: -0.17000000178813934
---
x: 0.0
y: 0.0
theta: -0.17000000178813934
---
x: 0.0
y: 0.0
theta: -0.17000000178813934
---
x: 0.03999999910593033
y: 0.0
theta: -0.17000000178813934
---
x: 0.03999999910593033
y: 0.0
theta: -0.17000000178813934
---
x: 0.03999999910593033
y: 0.0
theta: -0.17000000178813934
---
x: 0.03999999910593033
y: 0.0
theta: -0.17000000178813934
---
x: 0.03999999910593033
y: 0.0
theta: -0.17000000178813934
---
x: 0.05963660404086113
y: 0.0
theta: -0.16699761152267456
---
x: 0.049853455275297165
y: 0.0
theta: -0.17000000178813934
---
x: 0.06099240481853485
y: 0.0
theta: -0.17000000178813934
---
x: 0.05205046758055687
y: 0.0
theta: -0.14974533021450043
---
x: 0.045550957322120667
y: 0.0
theta: -0.1488841325044632
---
x: 0.03999999910593033
y: 0.0
theta: -0.14822693169116974
---
x: 0.03999999910593033
y: 0.0
theta: -0.16836971044540405
---
x: 0.06563897430896759
y: 0.0
theta: -0.17000000178813934
---
x: 0.05719476565718651
y: 0.0
theta: -0.17000000178813934
---
x: 0.06316147744655609
y: 0.0
theta: -0.16701455414295197
---
x: 0.09647058695554733
y: 0.0
theta: -0.17000000178813934
---
x: 0.04331372305750847
y: 0.0
theta: -0.17000000178813934
---
x: 0.08498373627662659
y: 0.0
theta: -0.17000000178813934
---
x: 0.09742690622806549
y: 0.0
theta: -0.17000000178813934
---
x: 0.0654997006058693
y: 0.0
theta: -0.17000000178813934
---
x: 0.058697063475847244
y: 0.0
theta: -0.17000000178813934
---
x: 0.07176470756530762
y: 0.0
theta: -0.17000000178813934
---
x: 0.06391089409589767
y: 0.0
theta: -0.17000000178813934
---
x: 0.05366336926817894
y: 0.0
theta: -0.17000000178813934
---
x: 0.061176471412181854
y: 0.0
theta: -0.17000000178813934
---
x: 0.06646515429019928
y: 0.0
theta: -0.16699004173278809
---
x: 0.05411764606833458
y: 0.0
theta: -0.17000000178813934
---
x: 0.05854980647563934
y: 0.0
theta: -0.19472795724868774
---
x: 0.04210064932703972
y: 0.0
theta: -0.13992507755756378
---
x: 0.058681100606918335
y: 0.0
theta: -0.15875139832496643
---
x: 0.049521684646606445
y: 0.0
theta: -0.1767389476299286
---
x: 0.04220651462674141
y: 0.0
theta: -0.17656351625919342
---
x: 0.04768732562661171
y: 0.0
theta: -0.19484847784042358
---
x: 0.034951116889715195
y: 0.0
theta: -0.17659598588943481
---
x: 0.040420107543468475
y: 0.0
theta: -0.15851238369941711
---
x: 0.03497093543410301
y: 0.0
theta: -0.0676744282245636
---
x: 0.03312370553612709
y: 0.0
theta: -0.12207901477813721
---
x: 0.03314552083611488
y: 0.0
theta: -0.08582267165184021
---
x: 0.029456498101353645
y: 0.0
theta: -0.08567499369382858
---
x: 0.02939426898956299
y: 0.0
theta: -0.0855112373828888
---
x: 0.02963816002011299
y: 0.0
theta: -0.049691829830408096
---
x: 0.02761233039200306
y: 0.0
theta: -0.06747184693813324
---
x: 0.025511853396892548
y: 0.0
theta: -0.012948148883879185
---
x: 0.022521112114191055
y: 0.0
theta: -0.013347407802939415
---
x: 0.024218134582042694
y: 0.0
theta: 0.0
---
x: 0.020408838987350464
y: 0.0
theta: 0.0
---
x: 0.02585447207093239
y: 0.0
theta: -0.013149689882993698
---
x: 0.0168180949985981
y: 0.0
theta: 0.0
---
x: 0.024058405309915543
y: 0.0
theta: 0.0
---
x: 0.02039867267012596
y: 0.0
theta: 0.0
---
x: 0.022186124697327614
y: 0.0
theta: 0.013124083168804646
---
x: 0.0223018117249012
y: 0.0
theta: -0.013201207853853703
---
x: 0.022262273356318474
y: 0.0
theta: 0.01317484863102436
---
x: 0.020441995933651924
y: 0.0
theta: 0.0
---
x: 0.031109418720006943
y: 0.0
theta: 0.0
---
x: 0.020562436431646347
y: 0.0
theta: 0.031517766416072845
---
x: 0.019698815420269966
y: 0.0
theta: 0.0
---
x: 0.024813110008835793
y: 0.0
theta: 0.0
---
x: 0.020560719072818756
y: 0.0
theta: 0.0
---
x: 0.024022700265049934
y: 0.0
theta: 0.0
---
x: 0.020394137129187584
y: 0.0
theta: 0.0
---
x: 0.02413383685052395
y: 0.0
theta: 0.0
---
x: 0.02220917120575905
y: 0.0
theta: 0.013139447197318077
---
x: 0.022124171257019043
y: 0.0
theta: -0.013082780875265598
---
x: 0.02239653281867504
y: 0.0
theta: 0.013264354318380356
---
x: 0.02223186567425728
y: 0.0
theta: -0.01315457746386528
---
x: 0.02042907476425171
y: 0.0
theta: 0.0
---
x: 0.022197965532541275
y: 0.0
theta: 0.013131977990269661
---
x: 0.021984785795211792
y: 0.0
theta: -0.012989857234060764
---
x: 0.02256087400019169
y: 0.0
theta: 0.013373916037380695
---
x: 0.018578417599201202
y: 0.0
theta: 0.013137244619429111
---
x: 0.024077745154500008
y: 0.0
theta: 0.0
---
x: 0.024038812145590782
y: 0.0
theta: 0.0
---
x: 0.020437929779291153
y: 0.0
theta: 0.0
---
x: 0.018520401790738106
y: 0.0
theta: 0.013092616572976112
---
x: 0.018671298399567604
y: 0.0
theta: -0.013208691030740738
---
x: 0.02037890814244747
y: 0.0
theta: 0.0
---
x: 0.024137109518051147
y: 0.0
theta: 0.0
---
x: 0.02151312120258808
y: 0.0
theta: -0.01267541479319334
---
x: 0.024758953601121902
y: 0.0
theta: 0.0
---
x: 0.014994384720921516
y: 0.0
theta: 0.013176714070141315
---
x: 0.022293921560049057
y: 0.0
theta: 0.013195947743952274
---
x: 0.02392503432929516
y: 0.0
theta: 0.0
---
x: 0.020339833572506905
y: 0.0
theta: 0.0
---
x: 0.02435564063489437
y: 0.0
theta: 0.0
---
x: 0.014925302937626839
y: 0.0
theta: -0.01311391219496727
---
x: 0.02225602976977825
y: 0.0
theta: -0.013170686550438404
---
x: 0.022320089861750603
y: 0.0
theta: 0.013213393278419971
---
x: 0.022248750552535057
y: 0.0
theta: -0.013165833428502083
---
x: 0.014928572811186314
y: 0.0
theta: 0.013116884976625443
---
x: 0.02405480295419693
y: 0.0
theta: 0.0
---
x: 0.016795622184872627
y: 0.0
theta: 0.0
---
x: 0.014973367564380169
y: 0.0
theta: 0.013157607056200504
---
x: 0.018559738993644714
y: 0.0
theta: -0.01312287524342537
---
x: 0.0223696269094944
y: 0.0
theta: -0.013246417976915836
---
x: 0.018538178876042366
y: 0.0
theta: 0.013106291182339191
---
x: 0.020439324900507927
y: 0.0
theta: 0.0
---
x: 0.01685507968068123
y: 0.0
theta: 0.0
---
x: 0.020403694361448288
y: 0.0
theta: 0.0
---
x: 0.020418589934706688
y: 0.0
theta: 0.0
---
x: 0.023972338065505028
y: 0.0
theta: 0.0
---
x: 0.016853824257850647
y: 0.0
theta: -0.031423043459653854
---
x: 0.01682017743587494
y: 0.0
theta: 0.0
---
x: 0.022190134972333908
y: 0.0
theta: -0.013126756995916367
---
x: 0.022305335849523544
y: 0.0
theta: 0.013203556649386883
---
x: 0.020423801615834236
y: 0.0
theta: 0.0
---
x: 0.018606802448630333
y: 0.0
theta: 0.013159078545868397
---
x: 0.014977081678807735
y: 0.0
theta: 0.013160983100533485
---
x: 0.02257019653916359
y: 0.0
theta: 0.0
---
x: 0.01777241937816143
y: 0.0
theta: 0.0
---
x: 0.018394935876131058
y: 0.0
theta: -0.012996104545891285
---
x: 0.015392810106277466
y: 0.0
theta: 0.01353891845792532
---
x: 0.02749916911125183
y: 0.0
theta: -0.031110187992453575
---
x: 0.016877099871635437
y: 0.0
theta: 0.0
---
x: 0.02048102207481861
y: 0.0
theta: 0.0
---
x: 0.014964372850954533
y: 0.0
theta: 0.01314943004399538
---
x: 0.018641235306859016
y: 0.0
theta: -0.013185565359890461
---
x: 0.02204507775604725
y: 0.0
theta: 0.013030052185058594
---
x: 0.02058856375515461
y: 0.0
theta: 0.031555090099573135
---
x: 0.022188453003764153
y: 0.0
theta: 0.01312563568353653
---
x: 0.020430894568562508
y: 0.0
theta: 0.0
---
x: 0.024088988080620766
y: 0.0
theta: 0.0
---
x: 0.016755472868680954
y: 0.0
theta: 0.03125912323594093
---
x: 0.0168266911059618
y: 0.0
theta: 0.0
---
x: 0.02388794533908367
y: 0.0
theta: -0.03110993094742298
---
x: 0.02239672839641571
y: 0.0
theta: 0.013264485634863377
---
x: 0.021993136033415794
y: 0.0
theta: 0.012995424680411816
---
x: 0.022564198821783066
y: 0.0
theta: -0.01337613258510828
---
x: 0.024028023704886436
y: 0.0
theta: 0.0
---
x: 0.020433198660612106
y: 0.0
theta: 0.0
---
x: 0.022201722487807274
y: 0.0
theta: -0.013134481385350227
---
x: 0.016820542514324188
y: 0.0
theta: 0.0
---
x: 0.0204401146620512
y: 0.0
theta: 0.0
---
x: 0.025834931060671806
y: 0.0
theta: -0.01313819456845522
---
x: 0.024050023406744003
y: 0.0
theta: 0.0
---
x: 0.02037208527326584
y: 0.0
theta: 0.0
---
x: 0.024133488535881042
y: 0.0
theta: 0.0
---
x: 0.020458698272705078
y: 0.0
theta: 0.0
---
x: 0.024040402844548225
y: 0.0
theta: 0.0
---
x: 0.020431742072105408
y: 0.0
theta: 0.0
---
x: 0.04138584062457085
y: 0.0
theta: 0.04128042608499527
---
x: 0.03999999910593033
y: 0.0
theta: -0.05949874967336655
---
x: 0.0
y: 0.0
theta: -0.021861890330910683
---
x: 0.0
y: 0.0
theta: -0.034320391714572906
---
x: 0.0
y: 0.0
theta: -0.0368894562125206
---
x: 0.03999999910593033
y: 0.0
theta: 0.0
---
x: 0.03999999910593033
y: 0.0
theta: 0.0
---
x: 0.03999999910593033
y: 0.0
theta: 0.0
---
x: 0.03999999910593033
y: 0.0
theta: 0.0
---
x: 0.0
y: 0.0
theta: -0.03547719493508339
---
x: 0.0
y: 0.0
theta: -0.03717845678329468
---
x: 0.0
y: 0.0
theta: -0.05817866697907448
---
x: 0.0
y: 0.0
theta: -0.08528550714254379
---
x: 0.03999999910593033
y: 0.0
theta: 0.0
---
x: 0.03999999910593033
y: 0.0
theta: 0.0
---
x: 0.03999999910593033
y: 0.0
theta: 0.0
---
x: 0.03999999910593033
y: 0.0
theta: 0.0
---
x: 0.0
y: 0.0
theta: -0.08573012799024582
---
x: 0.0
y: 0.0
theta: -0.037110038101673126
---
x: 0.0
y: 0.0
theta: -0.03426491469144821
---
x: 0.0
y: 0.0
theta: -0.09899448603391647
---
x: 0.03999999910593033
y: 0.0
theta: 0.0
---
x: 0.03999999910593033
y: 0.0
theta: 0.0
---
x: 0.03999999910593033
y: 0.0
theta: 0.0
---
x: 0.0
y: 0.0
theta: -0.17000000178813934
---
x: 0.0
y: 0.0
theta: -0.03563760593533516
---
x: 0.0
y: 0.0
theta: -0.03999999910593033
---
x: 0.0
y: 0.0
theta: -0.0734630674123764
---
x: 0.03999999910593033
y: 0.0
theta: 0.0
---
x: 0.03999999910593033
y: 0.0
theta: 0.0
---
x: 0.0
y: 0.0
theta: -0.17000000178813934
---
x: 0.0
y: 0.0
theta: -0.17000000178813934
---
x: 0.0
y: 0.0
theta: -0.1257353574037552
---
x: 0.0
y: 0.0
theta: -0.17000000178813934
---
x: 0.0
y: 0.0
theta: -0.17000000178813934
---
x: 0.0
y: 0.0
theta: -0.17000000178813934
---
x: 0.0
y: 0.0
theta: -0.17000000178813934
---
x: 0.0
y: 0.0
theta: -0.17000000178813934
---
x: 0.0
y: 0.0
theta: -0.17000000178813934
---
x: 0.0
y: 0.0
theta: -0.17000000178813934
---
x: 0.0
y: 0.0
theta: -0.17000000178813934
---
x: 0.0
y: 0.0
theta: -0.17000000178813934
---
x: 0.0
y: 0.0
theta: -0.17000000178813934
---
x: 0.0
y: 0.0
theta: -0.17000000178813934
---
x: 0.0
y: 0.0
theta: -0.17000000178813934
---
x: 0.0
y: 0.0
theta: -0.17000000178813934
---
x: 0.0
y: 0.0
theta: -0.17000000178813934
---
x: 0.0
y: 0.0
theta: -0.17000000178813934
---
x: 0.0
y: 0.0
theta: -0.17000000178813934
---
x: 0.0
y: 0.0
theta: -0.17000000178813934
---
x: 0.0
y: 0.0
theta: -0.17000000178813934
---
x: 0.0
y: 0.0
theta: -0.17000000178813934
---
x: 0.0
y: 0.0
theta: -0.17000000178813934
---
x: 0.0
y: 0.0
theta: -0.17000000178813934
---
x: 0.0
y: 0.0
theta: -0.17000000178813934
---
x: 0.0
y: 0.0
theta: -0.17000000178813934
---
x: 0.0
y: 0.0
theta: -0.17000000178813934
---
x: 0.0
y: 0.0
theta: -0.17000000178813934
---
x: 0.0
y: 0.0
theta: -0.17000000178813934
---
x: 0.0
y: 0.0
theta: -0.17000000178813934
---
x: 0.0
y: 0.0
theta: -0.17000000178813934
---
x: 0.0
y: 0.0
theta: -0.17000000178813934
---
x: 0.0
y: 0.0
theta: -0.17000000178813934
---
x: 0.0
y: 0.0
theta: -0.17000000178813934
---
x: 0.0
y: 0.0
theta: -0.17000000178813934
---
x: 0.0
y: 0.0
theta: -0.17000000178813934
---
x: 0.0
y: 0.0
theta: -0.17000000178813934
---
x: 0.0
y: 0.0
theta: -0.17000000178813934
---
x: 0.0
y: 0.0
theta: -0.17000000178813934
---
x: 0.0
y: 0.0
theta: -0.17000000178813934
---
x: 0.03999999910593033
y: 0.0
theta: 0.0
---
x: 0.0
y: 0.0
theta: -0.17000000178813934
---
x: 0.0
y: 0.0
theta: -0.17000000178813934
---
x: 0.0
y: 0.0
theta: -0.17000000178813934
---
x: 0.03999999910593033
y: 0.0
theta: 0.0
---
x: 0.03999999910593033
y: 0.0
theta: 0.0
---
x: 0.03999999910593033
y: 0.0
theta: 0.0
---
x: 0.03999999910593033
y: 0.0
theta: 0.0
---
x: 0.0
y: 0.0
theta: -0.059565357863903046
---
x: 0.0
y: 0.0
theta: -0.0371355377137661
---
x: 0.0
y: 0.0
theta: -0.03710358962416649
---
x: 0.0
y: 0.0
theta: -0.17000000178813934
---
x: 0.0
y: 0.0
theta: -0.16550928354263306
---
x: 0.03999999910593033
y: 0.0
theta: 0.0
---
x: 0.03999999910593033
y: 0.0
theta: 0.0
---
x: 0.03999999910593033
y: 0.0
theta: 0.0
---
x: 0.03999999910593033
y: 0.0
theta: 0.0
---
x: 0.0
y: 0.0
theta: -0.059331014752388
---
x: 0.0
y: 0.0
theta: -0.03714970499277115
---
x: 0.03999999910593033
y: 0.0
theta: 0.0
---
x: 0.0
y: 0.0
theta: -0.11264410614967346
---
x: 0.03999999910593033
y: 0.0
theta: 0.0
---
x: 0.03999999910593033
y: 0.0
theta: 0.0
---
x: 0.0
y: 0.0
theta: -0.151351660490036
---
x: 0.0
y: 0.0
theta: -0.07625843584537506
---
x: 0.0
y: 0.0
theta: -0.11265692114830017
---
x: 0.0
y: 0.0
theta: -0.13090091943740845
---
x: 0.03999999910593033
y: 0.0
theta: 0.0
---
x: 0.03999999910593033
y: 0.0
theta: 0.0
---
x: 0.03999999910593033
y: 0.0
theta: 0.0
---
x: 0.0
y: 0.0
theta: -0.17000000178813934
---
x: 0.0
y: 0.0
theta: -0.03425076603889465
---
x: 0.03999999910593033
y: 0.0
theta: 0.0
---
x: 0.0
y: 0.0
theta: -0.06210220605134964
---
x: 0.0
y: 0.0
theta: 0.0
---
x: 0.0
y: 0.0
theta: -0.13077202439308167
---
x: 0.0
y: 0.0
theta: -0.17000000178813934
---
x: 0.0
y: 0.0
theta: -0.17000000178813934
---
x: 0.0
y: 0.0
theta: -0.17000000178813934
---
x: 0.03999999910593033
y: 0.0
theta: 0.0
---
x: 0.03999999910593033
y: 0.0
theta: 0.0
---
x: 0.03999999910593033
y: 0.0
theta: 0.0
---
x: 0.03999999910593033
y: 0.0
theta: 0.0
---
x: 0.0
y: 0.0
theta: -0.033370491117239
---
x: 0.0
y: 0.0
theta: -0.03999999910593033
---
x: 0.0
y: 0.0
theta: -0.12876945734024048
---
x: 0.0
y: 0.0
theta: -0.15184731781482697
---
x: 0.0
y: 0.0
theta: -0.17000000178813934
---
x: 0.03999999910593033
y: 0.0
theta: -0.21675537526607513
---
x: 0.0
y: 0.0
theta: -0.17000000178813934
---
x: 0.03999999910593033
y: 0.0
theta: -0.17000000178813934
---
x: 0.0
y: 0.0
theta: -0.17000000178813934
---
x: 0.047509290277957916
y: 0.0
theta: 0.0
---
x: 0.0476829931139946
y: 0.0
theta: 0.0
---
x: 0.04747674986720085
y: 0.0
theta: 0.0
---
x: 0.0
y: 0.0
theta: -0.17000000178813934
---
x: 0.0
y: 0.0
theta: -0.03411059081554413
---
x: 0.0
y: 0.0
theta: -0.02181343547999859
---
x: 0.0
y: 0.0
theta: -0.08336526155471802
---
x: 0.0
y: 0.0
theta: -0.17000000178813934
---
x: 0.0
y: 0.0
theta: -0.17000000178813934
---
x: 0.0
y: 0.0
theta: -0.17000000178813934
---
x: 0.0
y: 0.0
theta: -0.17000000178813934
---
x: 0.0
y: 0.0
theta: -0.17000000178813934
---
x: 0.0
y: 0.0
theta: -0.17000000178813934
---
x: 0.0
y: 0.0
theta: -0.17000000178813934
---
x: 0.0
y: 0.0
theta: -0.17000000178813934
---
x: 0.0
y: 0.0
theta: -0.17000000178813934
---
x: 0.0
y: 0.0
theta: -0.17000000178813934
---
x: 0.0
y: 0.0
theta: -0.17000000178813934
---
x: 0.0
y: 0.0
theta: -0.17000000178813934
---
x: 0.0
y: 0.0
theta: -0.17000000178813934
---
x: 0.0
y: 0.0
theta: -0.17000000178813934
---
x: 0.0
y: 0.0
theta: -0.17000000178813934
---
x: 0.0
y: 0.0
theta: -0.18935880064964294
---
x: 0.0
y: 0.0
theta: -0.17000000178813934
---
x: 0.0
y: 0.0
theta: -0.1911478489637375
---
x: 0.0
y: 0.0
theta: -0.17000000178813934
---
x: 0.0
y: 0.0
theta: -0.17000000178813934
---
x: 0.03999999910593033
y: 0.0
theta: -0.17000000178813934
---
x: 0.03999999910593033
y: 0.0
theta: -0.19065292179584503
---
x: 0.03999999910593033
y: 0.0
theta: -0.17000000178813934
---
x: 0.0
y: 0.0
theta: -0.17000000178813934
---
x: 0.0
y: 0.0
theta: -0.15962165594100952
---
x: 0.0
y: 0.0
theta: -0.17000000178813934
---
x: 0.03999999910593033
y: 0.0
theta: -0.17000000178813934
---
x: 0.03999999910593033
y: 0.0
theta: -0.17000000178813934
---
x: 0.0
y: 0.0
theta: -0.1912636160850525
---
x: 0.0
y: 0.0
theta: -0.17000000178813934
---
x: 0.0
y: 0.0
theta: -0.17000000178813934
---
x: 0.0
y: 0.0
theta: -0.17000000178813934
---
x: 0.0
y: 0.0
theta: -0.11265242099761963
---
x: 0.0
y: 0.0
theta: -0.17000000178813934
---
x: 0.0
y: 0.0
theta: -0.17000000178813934
---
x: 0.0
y: 0.0
theta: -0.17000000178813934
---
x: 0.0
y: 0.0
theta: -0.17000000178813934
---
x: 0.0
y: 0.0
theta: -0.17000000178813934
---
x: 0.0
y: 0.0
theta: -0.18852734565734863
---
x: 0.03999999910593033
y: 0.0
theta: -0.17000000178813934
---
x: 0.03999999910593033
y: 0.0
theta: -0.17000000178813934
---
x: 0.03999999910593033
y: 0.0
theta: -0.17000000178813934
---
x: 0.03999999910593033
y: 0.0
theta: -0.24170109629631042
---
x: 0.03999999910593033
y: 0.0
theta: -0.16738806664943695
---
x: 0.03999999910593033
y: 0.0
theta: -0.17000000178813934
---
x: 0.06409277021884918
y: 0.0
theta: -0.17000000178813934
---
x: 0.03999999910593033
y: 0.0
theta: -0.16717176139354706
---
x: 0.05475528538227081
y: 0.0
theta: -0.13088400661945343
---
x: 0.08235294371843338
y: 0.0
theta: -0.17000000178813934
---
x: 0.05664592608809471
y: 0.0
theta: -0.14883875846862793
---
x: 0.07315123081207275
y: 0.0
theta: -0.09453912079334259
---
x: 0.09647058695554733
y: 0.0
theta: -0.17000000178813934
---
x: 0.046187397092580795
y: 0.0
theta: -0.1669483184814453
---
x: 0.0752941146492958
y: 0.0
theta: -0.14903609454631805
---
x: 0.061176471412181854
y: 0.0
theta: -0.16717812418937683
---
x: 0.061176471412181854
y: 0.0
theta: -0.11185557395219803
---
x: 0.08588235080242157
y: 0.0
theta: -0.17000000178813934
---
x: 0.07526132464408875
y: 0.0
theta: -0.1671544760465622
---
x: 0.0466102734208107
y: 0.0
theta: 0.04128284007310867
---
x: 0.09294117987155914
y: 0.0
theta: -0.16737346351146698
---
x: 0.08588235080242157
y: 0.0
theta: -0.17000000178813934
---
x: 0.0752941146492958
y: 0.0
theta: -0.17000000178813934
---
x: 0.09484554827213287
y: 0.0
theta: -0.21257692575454712
---
x: 0.08052768558263779
y: 0.0
theta: -0.2128840833902359
---
x: 0.0
y: 0.0
theta: -0.17000000178813934
---
x: 0.09715085476636887
y: 0.0
theta: -0.17000000178813934
---
x: 0.04994036257266998
y: 0.0
theta: -0.17000000178813934
---
x: 0.04491206258535385
y: 0.0
theta: -0.16707296669483185
---
x: 0.057647060602903366
y: 0.0
theta: -0.17000000178813934
---
x: 0.04991507902741432
y: 0.0
theta: -0.17000000178813934
---
x: 0.03999999910593033
y: 0.0
theta: -0.17000000178813934
---
x: 0.03999999910593033
y: 0.0
theta: -0.17000000178813934
---
x: 0.03999999910593033
y: 0.0
theta: -0.17000000178813934
---
x: 0.06681632995605469
y: 0.0
theta: -0.16275514662265778
---
x: 0.05869392678141594
y: 0.0
theta: -0.17000000178813934
---
x: 0.060478419065475464
y: 0.0
theta: -0.17000000178813934
---
x: 0.08235294371843338
y: 0.0
theta: -0.17000000178813934
---
x: 0.0752941146492958
y: 0.0
theta: -0.17000000178813934
---
x: 0.06470588594675064
y: 0.0
theta: -0.17000000178813934
---
x: 0.08121101558208466
y: 0.0
theta: -0.16008491814136505
---
x: 0.04580025002360344
y: 0.0
theta: -0.14014357328414917
---
x: 0.08402341604232788
y: 0.0
theta: -0.15851238369941711
---
x: 0.08165480196475983
y: 0.0
theta: -0.1755308359861374
---
x: 0.05708109214901924
y: 0.0
theta: -0.14107316732406616
---
x: 0.07501744478940964
y: 0.0
theta: -0.1768578290939331
---
x: 0.05308841913938522
y: 0.0
theta: -0.17652630805969238
---
x: 0.051360320299863815
y: 0.0
theta: -0.1586267352104187
---
x: 0.05127852037549019
y: 0.0
theta: -0.12208052724599838
---
x: 0.04019107669591904
y: 0.0
theta: -0.15768787264823914
---
x: 0.04973335564136505
y: 0.0
theta: -0.10446670651435852
---
x: 0.03669025003910065
y: 0.0
theta: -0.08563098311424255
---
x: 0.027560753747820854
y: 0.0
theta: -0.13971446454524994
---
x: 0.035016268491744995
y: 0.0
theta: -0.10413528233766556
---
x: 0.02965458109974861
y: 0.0
theta: -0.08619626611471176
---
x: 0.024083644151687622
y: 0.0
theta: -0.06770911067724228
---
x: 0.02942093461751938
y: 0.0
theta: -0.08558140695095062
---
x: 0.01450863666832447
y: 0.0
theta: 0.012735124677419662
---
x: 0.026674648746848106
y: 0.0
theta: -0.013632145710289478
---
x: 0.020378848537802696
y: 0.0
theta: -0.03125549852848053
---
x: 0.016807008534669876
y: 0.0
theta: 0.03134501352906227
---
x: 0.020378002896904945
y: 0.0
theta: -0.03125429153442383
---
x: 0.013243184424936771
y: 0.0
theta: 0.0
---
x: 0.018564952537417412
y: 0.0
theta: -0.013126886449754238
---
x: 0.016828253865242004
y: 0.0
theta: -0.03138042613863945
---
x: 0.021444398909807205
y: 0.0
theta: 0.012629599310457706
---
x: 0.021207502111792564
y: 0.0
theta: 0.0
---
x: 0.01669774018228054
y: 0.0
theta: 0.0
---
x: 0.0186754297465086
y: 0.0
theta: -0.0132118696346879
---
x: 0.016764899715781212
y: 0.0
theta: 0.0
---
x: 0.02233976498246193
y: 0.0
theta: -0.013226510025560856
---
x: 0.016748227179050446
y: 0.0
theta: 0.0
---
x: 0.014739011414349079
y: 0.0
theta: 0.012944555841386318
---
x: 0.024388696998357773
y: 0.0
theta: -0.031735870987176895
---
x: 0.01685298979282379
y: 0.0
theta: 0.0
---
x: 0.020433926954865456
y: 0.0
theta: 0.0
---
x: 0.02223842218518257
y: 0.0
theta: -0.01315894816070795
---
x: 0.022271642461419106
y: 0.0
theta: 0.013181095011532307
---
x: 0.023996669799089432
y: 0.0
theta: -0.03124583698809147
---
x: 0.024049609899520874
y: 0.0
theta: 0.0
---
x: 0.014987755566835403
y: 0.0
theta: -0.013170686550438404
---
x: 0.023214804008603096
y: 0.0
theta: -0.030268503352999687
---
x: 0.02117270603775978
y: 0.0
theta: 0.0
---
x: 0.024146098643541336
y: 0.0
theta: 0.0
---
x: 0.020390570163726807
y: 0.0
theta: 0.0
---
x: 0.02410399168729782
y: 0.0
theta: 0.0
---
x: 0.014973176643252373
y: 0.0
theta: -0.013157433830201626
---
x: 0.023403774946928024
y: 0.0
theta: 0.0
---
x: 0.022866835817694664
y: 0.0
theta: -0.013577891513705254
---
x: 0.021958300843834877
y: 0.0
theta: 0.012972201220691204
---
